I181123 21:00:33.554905 1 util/log/clog.go:1176  [config] file created at: 2018/11/23 21:00:33
I181123 21:00:33.554905 1 util/log/clog.go:1176  [config] running on machine: Ubuntu-Inspiron1440
I181123 21:00:33.554905 1 util/log/clog.go:1176  [config] binary: CockroachDB CCL v2.1.0 (x86_64-unknown-linux-gnu, built 2018/10/30 12:32:34, go1.10.3)
I181123 21:00:33.554905 1 util/log/clog.go:1176  [config] arguments: [cockroach start --insecure --host=localhost]
I181123 21:00:33.554905 1 util/log/clog.go:1176  line format: [IWEF]yymmdd hh:mm:ss.uuuuuu goid file:line msg utf8=✓
W181123 21:00:33.554899 1 cli/start.go:1055  RUNNING IN INSECURE MODE!

- Your cluster is open for any client that can access localhost.
- Any user, even root, can log in without providing a password.
- Any user, connecting as root, can read or write any data in your cluster.
- There is no network encryption nor authentication, and thus no confidentiality.

Check out how to secure your cluster: https://www.cockroachlabs.com/docs/v2.1/secure-a-cluster.html
I181123 21:00:33.555672 1 server/status/recorder.go:609  available memory from cgroups (8.0 EiB) exceeds system memory 2.9 GiB, using system memory
W181123 21:00:33.555754 1 cli/start.go:935  Using the default setting for --cache (128 MiB).
  A significantly larger value is usually needed for good performance.
  If you have a dedicated server a reasonable setting is --cache=.25 (741 MiB).
I181123 21:00:33.555927 1 server/status/recorder.go:609  available memory from cgroups (8.0 EiB) exceeds system memory 2.9 GiB, using system memory
W181123 21:00:33.555960 1 cli/start.go:948  Using the default setting for --max-sql-memory (128 MiB).
  A significantly larger value is usually needed in production.
  If you have a dedicated server a reasonable setting is --max-sql-memory=.25 (741 MiB).
I181123 21:00:33.556124 1 server/status/recorder.go:609  available memory from cgroups (8.0 EiB) exceeds system memory 2.9 GiB, using system memory
I181123 21:00:33.556155 1 cli/start.go:1069  CockroachDB CCL v2.1.0 (x86_64-unknown-linux-gnu, built 2018/10/30 12:32:34, go1.10.3)
I181123 21:00:33.658516 1 server/status/recorder.go:609  available memory from cgroups (8.0 EiB) exceeds system memory 2.9 GiB, using system memory
I181123 21:00:33.658582 1 server/config.go:385  system total memory: 2.9 GiB
I181123 21:00:33.658700 1 server/config.go:387  server configuration:
max offset             500000000
cache size             128 MiB
SQL memory pool size   128 MiB
scan interval          10m0s
scan min idle time     10ms
scan max idle time     1s
event log enabled      true
I181123 21:00:33.658763 1 cli/start.go:920  process identity: uid 0 euid 0 gid 0 egid 0
I181123 21:00:33.658810 1 cli/start.go:545  starting cockroach node
I181123 21:00:33.661103 34 storage/engine/rocksdb.go:574  opening rocksdb instance at "/home/kucamonga/Desktop/UNQ/cockroach-data/cockroach-temp038094915"
I181123 21:00:33.694912 34 server/server.go:849  [n?] monitoring forward clock jumps based on server.clock.forward_jump_check_enabled
W181123 21:00:33.695554 34 server/config_unix.go:92  soft open file descriptor limit 4096 is under the recommended limit 15000; this may decrease performance
please see https://www.cockroachlabs.com/docs/v2.1/recommended-production-settings.html for more details
I181123 21:00:33.695619 34 storage/engine/rocksdb.go:574  opening rocksdb instance at "/home/kucamonga/Desktop/UNQ/cockroach-data"
I181123 21:00:33.829336 34 server/config.go:493  [n?] 1 storage engine initialized
I181123 21:00:33.829384 34 server/config.go:496  [n?] RocksDB cache size: 128 MiB
I181123 21:00:33.829412 34 server/config.go:496  [n?] store 0: RocksDB, max size 0 B, max open file limit 3840
I181123 21:00:33.832972 34 server/server.go:899  [n?] Sleeping till wall time 1543006833832921365 to catches up to 1543006834194829496 to ensure monotonicity. Delta: 361.908131ms
I181123 21:00:34.196154 34 gossip/gossip.go:395  [n1] NodeDescriptor set to node_id:1 address:<network_field:"tcp" address_field:"localhost:26257" > attrs:<> locality:<> ServerVersion:<major_val:2 minor_val:1 patch:0 unstable:0 > build_tag:"v2.1.0" started_at:1543006834195774217 
W181123 21:00:34.225950 34 storage/replica_range_lease.go:470  can't determine lease status due to node liveness error: node not in the liveness table
I181123 21:00:34.226364 34 storage/store.go:1547  [n1,s1] [n1,s1]: failed initial metrics computation: [n1,s1]: system config not yet available
I181123 21:00:34.227192 34 server/node.go:474  [n1] initialized store [n1,s1]: disk (capacity=107 GiB, available=45 GiB, used=167 KiB, logicalBytes=751 KiB), ranges=22, leases=0, queries=0.00, writes=0.00, bytesPerReplica={p10=0.00 p25=0.00 p50=0.00 p75=2428.00 p90=11673.00 pMax=722490.00}, writesPerReplica={p10=0.00 p25=0.00 p50=0.00 p75=0.00 p90=0.00 pMax=0.00}
I181123 21:00:34.227335 34 storage/stores.go:242  [n1] read 0 node addresses from persistent storage
I181123 21:00:34.227642 34 server/node.go:697  [n1] connecting to gossip network to verify cluster ID...
I181123 21:00:34.227691 34 server/node.go:722  [n1] node connected via gossip and verified as part of cluster "dd690065-7d9d-4061-8602-33f9d9099b60"
I181123 21:00:34.227736 34 server/node.go:546  [n1] node=1: started with [<no-attributes>=/home/kucamonga/Desktop/UNQ/cockroach-data] engine(s) and attributes []
I181123 21:00:34.228011 34 server/status/recorder.go:609  [n1] available memory from cgroups (8.0 EiB) exceeds system memory 2.9 GiB, using system memory
I181123 21:00:34.228130 34 server/server.go:1525  [n1] starting http server at 127.0.0.1:8080 (use: localhost:8080)
I181123 21:00:34.228161 34 server/server.go:1527  [n1] starting grpc/postgres server at 127.0.0.1:26257
I181123 21:00:34.228192 34 server/server.go:1528  [n1] advertising CockroachDB node at localhost:26257
W181123 21:00:34.228248 34 jobs/registry.go:315  [n1] unable to get node liveness: node not in the liveness table
W181123 21:00:34.228893 111 storage/store.go:1652  [n1,s1,r7/1:/Table/{SystemCon…-11}] could not gossip system config: [NotLeaseHolderError] r7: replica (n1,s1):1 not lease holder; lease holder unknown
I181123 21:00:34.245632 76 storage/replica_proposal.go:211  [n1,s1,r5/1:/System/ts{d-e}] new range lease repl=(n1,s1):1 seq=4 start=1543006834.215274706,0 epo=1 pro=1543006834.240184143,0 following repl=(n1,s1):1 seq=3 start=1543006518.056972271,0 epo=1 pro=1543006527.116571158,0
I181123 21:00:34.252124 78 storage/replica_proposal.go:211  [n1,s1,r5/1:/System/ts{d-e}] new range lease repl=(n1,s1):1 seq=5 start=1543006834.215274706,0 epo=2 pro=1543006834.246541039,0 following repl=(n1,s1):1 seq=4 start=1543006834.215274706,0 epo=1 pro=1543006834.240184143,0
I181123 21:00:34.254339 104 storage/replica_proposal.go:211  [n1,s1,r4/1:/System/{NodeLive…-tsd}] new range lease repl=(n1,s1):1 seq=4 start=1543006834.214763752,0 epo=2 pro=1543006834.247341553,0 following repl=(n1,s1):1 seq=3 start=1543006518.056972271,0 epo=1 pro=1543006527.133030722,0
I181123 21:00:34.285369 34 server/server.go:1581  [n1] done ensuring all necessary migrations have run
I181123 21:00:34.285407 34 server/server.go:1584  [n1] serving sql connections
I181123 21:00:34.285629 34 cli/start.go:680  [config] clusterID: dd690065-7d9d-4061-8602-33f9d9099b60
I181123 21:00:34.285677 34 cli/start.go:688  node startup completed:
CockroachDB node starting at 2018-11-23 21:00:34.285513032 +0000 UTC (took 0.7s)
build:               CCL v2.1.0 @ 2018/10/30 12:32:34 (go1.10.3)
webui:               http://localhost:8080
sql:                 postgresql://root@localhost:26257?sslmode=disable
client flags:        cockroach <client cmd> --host=localhost:26257 --insecure
logs:                /home/kucamonga/Desktop/UNQ/cockroach-data/logs
temp dir:            /home/kucamonga/Desktop/UNQ/cockroach-data/cockroach-temp038094915
external I/O path:   /home/kucamonga/Desktop/UNQ/cockroach-data/extern
store[0]:            path=/home/kucamonga/Desktop/UNQ/cockroach-data
status:              restarted pre-existing node
clusterID:           dd690065-7d9d-4061-8602-33f9d9099b60
nodeID:              1
I181123 21:00:34.292063 99 storage/replica_proposal.go:211  [n1,s1,r7/1:/Table/{SystemCon…-11}] new range lease repl=(n1,s1):1 seq=4 start=1543006834.216000560,0 epo=2 pro=1543006834.282385917,0 following repl=(n1,s1):1 seq=3 start=1543006518.056972271,0 epo=1 pro=1543006527.101973306,0
I181123 21:00:34.304532 150 server/server_update.go:67  [n1] no need to upgrade, cluster already at the newest version
I181123 21:00:34.307217 101 storage/replica_proposal.go:211  [n1,s1,r9/1:/Table/1{2-3}] new range lease repl=(n1,s1):1 seq=4 start=1543006834.216721455,0 epo=2 pro=1543006834.301383971,0 following repl=(n1,s1):1 seq=3 start=1543006518.056972271,0 epo=1 pro=1543006527.128962206,0
I181123 21:00:34.314127 152 sql/event_log.go:126  [n1] Event: "node_restart", target: 1, info: {Descriptor:{NodeID:1 Address:{NetworkField:tcp AddressField:localhost:26257} Attrs: Locality: ServerVersion:2.1 BuildTag:v2.1.0 StartedAt:1543006834195774217 LocalityAddress:[]} ClusterID:dd690065-7d9d-4061-8602-33f9d9099b60 StartedAt:1543006834195774217 LastUp:1543006824083139783}
I181123 21:00:35.232860 104 storage/replica_proposal.go:211  [n1,s1,r6/1:/{System/tse-Table/System…}] new range lease repl=(n1,s1):1 seq=4 start=1543006834.215645909,0 epo=2 pro=1543006835.225824131,0 following repl=(n1,s1):1 seq=3 start=1543006518.056972271,0 epo=1 pro=1543006527.087324260,0
I181123 21:00:36.233150 99 storage/replica_proposal.go:211  [n1,s1,r18/1:/Table/2{1-2}] new range lease repl=(n1,s1):1 seq=4 start=1543006834.220172282,0 epo=2 pro=1543006836.226852133,0 following repl=(n1,s1):1 seq=3 start=1543006518.056972271,0 epo=1 pro=1543006527.084179756,0
I181123 21:00:36.312562 70 gossip/gossip.go:1513  [n1] node has connected to cluster via gossip
I181123 21:00:36.312802 70 storage/stores.go:261  [n1] wrote 0 node addresses to persistent storage
I181123 21:00:37.235325 103 storage/replica_proposal.go:211  [n1,s1,r19/1:/Table/2{2-3}] new range lease repl=(n1,s1):1 seq=4 start=1543006834.220647058,0 epo=2 pro=1543006837.227925063,0 following repl=(n1,s1):1 seq=3 start=1543006518.056972271,0 epo=1 pro=1543006527.136291863,0
I181123 21:00:38.235684 74 storage/replica_proposal.go:211  [n1,s1,r13/1:/Table/1{6-7}] new range lease repl=(n1,s1):1 seq=4 start=1543006834.218188877,0 epo=2 pro=1543006838.228687224,0 following repl=(n1,s1):1 seq=3 start=1543006518.056972271,0 epo=1 pro=1543006527.139522063,0
I181123 21:00:40.238034 101 storage/replica_proposal.go:211  [n1,s1,r10/1:/Table/1{3-4}] new range lease repl=(n1,s1):1 seq=4 start=1543006834.217089026,0 epo=2 pro=1543006840.230659498,0 following repl=(n1,s1):1 seq=3 start=1543006518.056972271,0 epo=1 pro=1543006527.099051668,0
I181123 21:00:41.238305 77 storage/replica_proposal.go:211  [n1,s1,r22/1:/{Table/51-Max}] new range lease repl=(n1,s1):1 seq=4 start=1543006834.222316110,0 epo=2 pro=1543006841.231735028,0 following repl=(n1,s1):1 seq=3 start=1543006518.056972271,0 epo=1 pro=1543006527.122792000,0
I181123 21:00:44.231883 130 storage/store.go:4472  [n1,s1] sstables (read amplification = 1):
0 [ 120K 1 ]: 120K
I181123 21:00:44.232105 130 storage/store.go:4473  [n1,s1] 
** Compaction Stats [default] **
Level    Files   Size     Score Read(GB)  Rn(GB) Rnp1(GB) Write(GB) Wnew(GB) Moved(GB) W-Amp Rd(MB/s) Wr(MB/s) Comp(sec) Comp(cnt) Avg(sec) KeyIn KeyDrop
----------------------------------------------------------------------------------------------------------------------------------------------------------
  L0      1/0   120.33 KB   0.5      0.0     0.0      0.0       0.0      0.0       0.0   1.0      0.0      2.0         0         1    0.058       0      0
 Sum      1/0   120.33 KB   0.0      0.0     0.0      0.0       0.0      0.0       0.0   1.0      0.0      2.0         0         1    0.058       0      0
 Int      0/0    0.00 KB   0.0      0.0     0.0      0.0       0.0      0.0       0.0   1.0      0.0      2.0         0         1    0.058       0      0
Uptime(secs): 10.5 total, 10.5 interval
Flush(GB): cumulative 0.000, interval 0.000
AddFile(GB): cumulative 0.000, interval 0.000
AddFile(Total Files): cumulative 0, interval 0
AddFile(L0 Files): cumulative 0, interval 0
AddFile(Keys): cumulative 0, interval 0
Cumulative compaction: 0.00 GB write, 0.01 MB/s write, 0.00 GB read, 0.00 MB/s read, 0.1 seconds
Interval compaction: 0.00 GB write, 0.01 MB/s write, 0.00 GB read, 0.00 MB/s read, 0.1 seconds
Stalls(count): 0 level0_slowdown, 0 level0_slowdown_with_compaction, 0 level0_numfiles, 0 level0_numfiles_with_compaction, 0 stop for pending_compaction_bytes, 0 slowdown for pending_compaction_bytes, 0 memtable_compaction, 0 memtable_slowdown, interval 0 total count
estimated_pending_compaction_bytes: 0 B
I181123 21:00:44.232683 135 server/status/runtime.go:465  [n1] runtime stats: 74 MiB RSS, 110 goroutines, 80 MiB/328 KiB/89 MiB GO alloc/idle/total, 14 MiB/16 MiB CGO alloc/total, 0.0 CGO/sec, 0.0/0.0 %(u/s)time, 0.0 %gc (7x), 100 KiB/2.5 KiB (r/w)net
I181123 21:00:44.242673 98 storage/replica_proposal.go:211  [n1,s1,r8/1:/Table/1{1-2}] new range lease repl=(n1,s1):1 seq=4 start=1543006834.216362963,0 epo=2 pro=1543006844.236053355,0 following repl=(n1,s1):1 seq=3 start=1543006518.056972271,0 epo=1 pro=1543006527.125782642,0
I181123 21:00:46.246316 75 storage/replica_proposal.go:211  [n1,s1,r15/1:/Table/1{8-9}] new range lease repl=(n1,s1):1 seq=4 start=1543006834.218908655,0 epo=2 pro=1543006846.238530900,0 following repl=(n1,s1):1 seq=3 start=1543006518.056972271,0 epo=1 pro=1543006527.092429723,0
I181123 21:00:47.245956 104 storage/replica_proposal.go:211  [n1,s1,r20/1:/Table/{23-50}] new range lease repl=(n1,s1):1 seq=4 start=1543006834.221124210,0 epo=2 pro=1543006847.239550963,0 following repl=(n1,s1):1 seq=3 start=1543006518.056972271,0 epo=1 pro=1543006527.145961302,0
I181123 21:00:49.250777 103 storage/replica_proposal.go:211  [n1,s1,r12/1:/Table/1{5-6}] new range lease repl=(n1,s1):1 seq=4 start=1543006834.217814391,0 epo=2 pro=1543006849.241776717,0 following repl=(n1,s1):1 seq=3 start=1543006518.056972271,0 epo=1 pro=1543006527.108032394,0
I181123 21:00:50.249598 78 storage/replica_proposal.go:211  [n1,s1,r11/1:/Table/1{4-5}] new range lease repl=(n1,s1):1 seq=4 start=1543006834.217463232,0 epo=2 pro=1543006850.242858721,0 following repl=(n1,s1):1 seq=3 start=1543006518.056972271,0 epo=1 pro=1543006527.096001940,0
I181123 21:00:52.254416 99 storage/replica_proposal.go:211  [n1,s1,r17/1:/Table/2{0-1}] new range lease repl=(n1,s1):1 seq=4 start=1543006834.219691918,0 epo=2 pro=1543006852.246122011,0 following repl=(n1,s1):1 seq=3 start=1543006518.056972271,0 epo=1 pro=1543006527.113109012,0
I181123 21:00:53.254887 102 storage/replica_proposal.go:211  [n1,s1,r21/1:/Table/5{0-1}] new range lease repl=(n1,s1):1 seq=4 start=1543006834.221606459,0 epo=2 pro=1543006853.247174393,0 following repl=(n1,s1):1 seq=3 start=1543006518.056972271,0 epo=1 pro=1543006527.119642397,0
I181123 21:00:54.234277 135 server/status/runtime.go:465  [n1] runtime stats: 80 MiB RSS, 110 goroutines, 87 MiB/176 KiB/95 MiB GO alloc/idle/total, 14 MiB/16 MiB CGO alloc/total, 59.9 CGO/sec, 1.0/0.5 %(u/s)time, 0.0 %gc (0x), 167 KiB/3.7 KiB (r/w)net
I181123 21:00:55.256687 99 storage/replica_proposal.go:211  [n1,s1,r16/1:/Table/{19-20}] new range lease repl=(n1,s1):1 seq=4 start=1543006834.219292499,0 epo=2 pro=1543006855.249113765,0 following repl=(n1,s1):1 seq=3 start=1543006518.056972271,0 epo=1 pro=1543006527.142901237,0
I181123 21:00:56.256818 105 storage/replica_proposal.go:211  [n1,s1,r14/1:/Table/1{7-8}] new range lease repl=(n1,s1):1 seq=4 start=1543006834.218548975,0 epo=2 pro=1543006856.250124862,0 following repl=(n1,s1):1 seq=3 start=1543006518.056972271,0 epo=1 pro=1543006527.105135271,0
I181123 21:01:04.235352 135 server/status/runtime.go:465  [n1] runtime stats: 86 MiB RSS, 110 goroutines, 92 MiB/688 KiB/102 MiB GO alloc/idle/total, 14 MiB/16 MiB CGO alloc/total, 34.4 CGO/sec, 0.8/0.3 %(u/s)time, 0.0 %gc (0x), 187 KiB/7.2 KiB (r/w)net
I181123 21:01:14.236460 135 server/status/runtime.go:465  [n1] runtime stats: 92 MiB RSS, 110 goroutines, 98 MiB/1008 KiB/108 MiB GO alloc/idle/total, 14 MiB/17 MiB CGO alloc/total, 26.3 CGO/sec, 0.8/0.2 %(u/s)time, 0.0 %gc (0x), 149 KiB/2.4 KiB (r/w)net
I181123 21:01:24.237842 135 server/status/runtime.go:465  [n1] runtime stats: 96 MiB RSS, 110 goroutines, 103 MiB/608 KiB/113 MiB GO alloc/idle/total, 14 MiB/17 MiB CGO alloc/total, 26.3 CGO/sec, 0.6/0.3 %(u/s)time, 0.0 %gc (0x), 152 KiB/3.2 KiB (r/w)net
I181123 21:01:31.717208 1 cli/start.go:756  received signal 'interrupt'
I181123 21:01:31.718876 1 cli/start.go:821  initiating graceful shutdown of server
I181123 21:01:31.725934 261 util/stop/stopper.go:537  [server drain process] quiescing; tasks left:
1      [async] closedts-rangefeed-subscriber
I181123 21:01:31.735627 261 storage/engine/rocksdb.go:707  closing rocksdb instance at "/home/kucamonga/Desktop/UNQ/cockroach-data/cockroach-temp038094915"
I181123 21:01:31.739705 261 storage/engine/rocksdb.go:707  closing rocksdb instance at "/home/kucamonga/Desktop/UNQ/cockroach-data"
I181123 21:01:31.743326 1 cli/start.go:867  server drained and shutdown completed
I181123 21:01:31.746919 1 cli/error.go:230  interrupted
Error: interrupted
