I181123 20:55:17.789257 1 util/log/clog.go:1176  [config] file created at: 2018/11/23 20:55:17
I181123 20:55:17.789257 1 util/log/clog.go:1176  [config] running on machine: Ubuntu-Inspiron1440
I181123 20:55:17.789257 1 util/log/clog.go:1176  [config] binary: CockroachDB CCL v2.1.0 (x86_64-unknown-linux-gnu, built 2018/10/30 12:32:34, go1.10.3)
I181123 20:55:17.789257 1 util/log/clog.go:1176  [config] arguments: [cockroach start --insecure --host=localhost]
I181123 20:55:17.789257 1 util/log/clog.go:1176  line format: [IWEF]yymmdd hh:mm:ss.uuuuuu goid file:line msg utf8=✓
W181123 20:55:17.789251 1 cli/start.go:1055  RUNNING IN INSECURE MODE!

- Your cluster is open for any client that can access localhost.
- Any user, even root, can log in without providing a password.
- Any user, connecting as root, can read or write any data in your cluster.
- There is no network encryption nor authentication, and thus no confidentiality.

Check out how to secure your cluster: https://www.cockroachlabs.com/docs/v2.1/secure-a-cluster.html
I181123 20:55:17.792767 1 server/status/recorder.go:609  available memory from cgroups (8.0 EiB) exceeds system memory 2.9 GiB, using system memory
W181123 20:55:17.792913 1 cli/start.go:935  Using the default setting for --cache (128 MiB).
  A significantly larger value is usually needed for good performance.
  If you have a dedicated server a reasonable setting is --cache=.25 (741 MiB).
I181123 20:55:17.793093 1 server/status/recorder.go:609  available memory from cgroups (8.0 EiB) exceeds system memory 2.9 GiB, using system memory
W181123 20:55:17.793139 1 cli/start.go:948  Using the default setting for --max-sql-memory (128 MiB).
  A significantly larger value is usually needed in production.
  If you have a dedicated server a reasonable setting is --max-sql-memory=.25 (741 MiB).
I181123 20:55:17.793304 1 server/status/recorder.go:609  available memory from cgroups (8.0 EiB) exceeds system memory 2.9 GiB, using system memory
I181123 20:55:17.793348 1 cli/start.go:1069  CockroachDB CCL v2.1.0 (x86_64-unknown-linux-gnu, built 2018/10/30 12:32:34, go1.10.3)
I181123 20:55:17.898985 1 server/status/recorder.go:609  available memory from cgroups (8.0 EiB) exceeds system memory 2.9 GiB, using system memory
I181123 20:55:17.899051 1 server/config.go:385  system total memory: 2.9 GiB
I181123 20:55:17.899198 1 server/config.go:387  server configuration:
max offset             500000000
cache size             128 MiB
SQL memory pool size   128 MiB
scan interval          10m0s
scan min idle time     10ms
scan max idle time     1s
event log enabled      true
I181123 20:55:17.899272 1 cli/start.go:920  process identity: uid 0 euid 0 gid 0 egid 0
I181123 20:55:17.899319 1 cli/start.go:545  starting cockroach node
I181123 20:55:17.911969 25 storage/engine/rocksdb.go:574  opening rocksdb instance at "/home/kucamonga/Desktop/UNQ/cockroach-data/cockroach-temp162601965"
I181123 20:55:17.973698 25 server/server.go:849  [n?] monitoring forward clock jumps based on server.clock.forward_jump_check_enabled
W181123 20:55:17.974304 25 server/config_unix.go:92  soft open file descriptor limit 4096 is under the recommended limit 15000; this may decrease performance
please see https://www.cockroachlabs.com/docs/v2.1/recommended-production-settings.html for more details
I181123 20:55:17.974455 25 storage/engine/rocksdb.go:574  opening rocksdb instance at "/home/kucamonga/Desktop/UNQ/cockroach-data"
I181123 20:55:17.995537 25 server/config.go:493  [n?] 1 storage engine initialized
I181123 20:55:17.995579 25 server/config.go:496  [n?] RocksDB cache size: 128 MiB
I181123 20:55:17.995604 25 server/config.go:496  [n?] store 0: RocksDB, max size 0 B, max open file limit 3840
I181123 20:55:18.046381 25 server/node.go:370  [n?] **** cluster dd690065-7d9d-4061-8602-33f9d9099b60 has been created
I181123 20:55:18.046437 25 server/server.go:1395  [n?] **** add additional nodes by specifying --join=localhost:26257
I181123 20:55:18.046926 25 gossip/gossip.go:395  [n1] NodeDescriptor set to node_id:1 address:<network_field:"tcp" address_field:"localhost:26257" > attrs:<> locality:<> ServerVersion:<major_val:2 minor_val:1 patch:0 unstable:0 > build_tag:"v2.1.0" started_at:1543006518046686703 
I181123 20:55:18.059055 25 storage/store.go:1547  [n1,s1] [n1,s1]: failed initial metrics computation: [n1,s1]: system config not yet available
I181123 20:55:18.059500 25 server/node.go:474  [n1] initialized store [n1,s1]: disk (capacity=107 GiB, available=45 GiB, used=22 KiB, logicalBytes=7.0 KiB), ranges=1, leases=0, queries=0.00, writes=0.00, bytesPerReplica={p10=7183.00 p25=7183.00 p50=7183.00 p75=7183.00 p90=7183.00 pMax=7183.00}, writesPerReplica={p10=0.00 p25=0.00 p50=0.00 p75=0.00 p90=0.00 pMax=0.00}
I181123 20:55:18.059603 25 storage/stores.go:242  [n1] read 0 node addresses from persistent storage
I181123 20:55:18.059901 25 server/node.go:697  [n1] connecting to gossip network to verify cluster ID...
I181123 20:55:18.059945 25 server/node.go:722  [n1] node connected via gossip and verified as part of cluster "dd690065-7d9d-4061-8602-33f9d9099b60"
I181123 20:55:18.059990 25 server/node.go:546  [n1] node=1: started with [<no-attributes>=/home/kucamonga/Desktop/UNQ/cockroach-data] engine(s) and attributes []
I181123 20:55:18.060257 25 server/status/recorder.go:609  [n1] available memory from cgroups (8.0 EiB) exceeds system memory 2.9 GiB, using system memory
I181123 20:55:18.061424 25 server/server.go:1525  [n1] starting http server at 127.0.0.1:8080 (use: localhost:8080)
I181123 20:55:18.061461 25 server/server.go:1527  [n1] starting grpc/postgres server at 127.0.0.1:26257
I181123 20:55:18.061492 25 server/server.go:1528  [n1] advertising CockroachDB node at localhost:26257
W181123 20:55:18.062008 25 jobs/registry.go:315  [n1] unable to get node liveness: node not in the liveness table
I181123 20:55:18.083099 157 storage/replica_command.go:298  [n1,split,s1,r1/1:/M{in-ax}] initiating a split of this range at key /System/"" [r2]
I181123 20:55:18.121010 161 storage/replica_command.go:298  [n1,split,s1,r2/1:/{System/-Max}] initiating a split of this range at key /System/NodeLiveness [r3]
I181123 20:55:18.143516 168 sql/event_log.go:126  [n1,intExec=optInToDiagnosticsStatReporting] Event: "set_cluster_setting", target: 0, info: {SettingName:diagnostics.reporting.enabled Value:true User:root}
I181123 20:55:18.148341 182 storage/replica_command.go:298  [n1,split,s1,r3/1:/{System/NodeL…-Max}] initiating a split of this range at key /System/NodeLivenessMax [r4]
I181123 20:55:18.184069 191 storage/replica_command.go:298  [n1,split,s1,r4/1:/{System/NodeL…-Max}] initiating a split of this range at key /System/tsd [r5]
I181123 20:55:18.216336 204 storage/replica_command.go:298  [n1,split,s1,r5/1:/{System/tsd-Max}] initiating a split of this range at key /System/"tse" [r6]
I181123 20:55:18.236541 188 sql/event_log.go:126  [n1,intExec=set-setting] Event: "set_cluster_setting", target: 0, info: {SettingName:version Value:2.1 User:root}
I181123 20:55:18.250995 222 storage/replica_command.go:298  [n1,split,s1,r6/1:/{System/tse-Max}] initiating a split of this range at key /Table/SystemConfigSpan/Start [r7]
I181123 20:55:18.285253 249 storage/replica_command.go:298  [n1,split,s1,r7/1:/{Table/System…-Max}] initiating a split of this range at key /Table/11 [r8]
I181123 20:55:18.293225 220 sql/event_log.go:126  [n1,intExec=disableNetTrace] Event: "set_cluster_setting", target: 0, info: {SettingName:trace.debug.enable Value:false User:root}
I181123 20:55:18.315335 252 storage/replica_command.go:298  [n1,split,s1,r8/1:/{Table/11-Max}] initiating a split of this range at key /Table/12 [r9]
I181123 20:55:18.337085 266 storage/replica_command.go:298  [n1,split,s1,r9/1:/{Table/12-Max}] initiating a split of this range at key /Table/13 [r10]
I181123 20:55:18.426336 291 storage/replica_command.go:298  [n1,split,s1,r10/1:/{Table/13-Max}] initiating a split of this range at key /Table/14 [r11]
I181123 20:55:18.452281 310 storage/replica_command.go:298  [n1,split,s1,r11/1:/{Table/14-Max}] initiating a split of this range at key /Table/15 [r12]
I181123 20:55:18.464233 287 sql/event_log.go:126  [n1,intExec=initializeClusterSecret] Event: "set_cluster_setting", target: 0, info: {SettingName:cluster.secret Value:8da01ba6-9a0b-436f-a7ce-c35c9be928a8 User:root}
W181123 20:55:18.467460 301 storage/intent_resolver.go:675  [n1,s1] failed to push during intent resolution: failed to push "split" id=024dfe27 key=/Local/Range/Table/14/RangeDescriptor rw=true pri=0.01481525 iso=SERIALIZABLE stat=PENDING epo=0 ts=1543006518.452293644,0 orig=1543006518.452293644,0 max=1543006518.452293644,0 wto=false rop=false seq=1
I181123 20:55:18.474613 323 storage/replica_command.go:298  [n1,split,s1,r12/1:/{Table/15-Max}] initiating a split of this range at key /Table/16 [r13]
I181123 20:55:18.502636 305 storage/replica_command.go:298  [n1,split,s1,r13/1:/{Table/16-Max}] initiating a split of this range at key /Table/17 [r14]
I181123 20:55:18.505489 303 sql/event_log.go:126  [n1,intExec=create-default-db] Event: "create_database", target: 50, info: {DatabaseName:defaultdb Statement:CREATE DATABASE IF NOT EXISTS defaultdb User:root}
I181123 20:55:18.529791 343 sql/event_log.go:126  [n1,intExec=create-default-db] Event: "create_database", target: 51, info: {DatabaseName:postgres Statement:CREATE DATABASE IF NOT EXISTS postgres User:root}
I181123 20:55:18.536622 362 storage/replica_command.go:298  [n1,split,s1,r14/1:/{Table/17-Max}] initiating a split of this range at key /Table/18 [r15]
I181123 20:55:18.559127 389 storage/replica_command.go:298  [n1,split,s1,r15/1:/{Table/18-Max}] initiating a split of this range at key /Table/19 [r16]
I181123 20:55:18.573174 25 server/server.go:1581  [n1] done ensuring all necessary migrations have run
I181123 20:55:18.573213 25 server/server.go:1584  [n1] serving sql connections
I181123 20:55:18.574005 25 cli/start.go:680  [config] clusterID: dd690065-7d9d-4061-8602-33f9d9099b60
I181123 20:55:18.574060 25 cli/start.go:688  node startup completed:
CockroachDB node starting at 2018-11-23 20:55:18.573862371 +0000 UTC (took 0.8s)
build:               CCL v2.1.0 @ 2018/10/30 12:32:34 (go1.10.3)
webui:               http://localhost:8080
sql:                 postgresql://root@localhost:26257?sslmode=disable
client flags:        cockroach <client cmd> --host=localhost:26257 --insecure
logs:                /home/kucamonga/Desktop/UNQ/cockroach-data/logs
temp dir:            /home/kucamonga/Desktop/UNQ/cockroach-data/cockroach-temp162601965
external I/O path:   /home/kucamonga/Desktop/UNQ/cockroach-data/extern
store[0]:            path=/home/kucamonga/Desktop/UNQ/cockroach-data
status:              initialized new cluster
clusterID:           dd690065-7d9d-4061-8602-33f9d9099b60
nodeID:              1
I181123 20:55:18.583458 402 server/server_update.go:67  [n1] no need to upgrade, cluster already at the newest version
I181123 20:55:18.596146 414 storage/replica_command.go:298  [n1,split,s1,r16/1:/{Table/19-Max}] initiating a split of this range at key /Table/20 [r17]
I181123 20:55:18.612394 404 sql/event_log.go:126  [n1] Event: "node_join", target: 1, info: {Descriptor:{NodeID:1 Address:{NetworkField:tcp AddressField:localhost:26257} Attrs: Locality: ServerVersion:2.1 BuildTag:v2.1.0 StartedAt:1543006518046686703 LocalityAddress:[]} ClusterID:dd690065-7d9d-4061-8602-33f9d9099b60 StartedAt:1543006518046686703 LastUp:1543006518046686703}
I181123 20:55:18.624196 381 storage/replica_command.go:298  [n1,split,s1,r17/1:/{Table/20-Max}] initiating a split of this range at key /Table/21 [r18]
I181123 20:55:18.645700 431 storage/replica_command.go:298  [n1,split,s1,r18/1:/{Table/21-Max}] initiating a split of this range at key /Table/22 [r19]
I181123 20:55:18.671254 457 storage/replica_command.go:298  [n1,split,s1,r19/1:/{Table/22-Max}] initiating a split of this range at key /Table/23 [r20]
I181123 20:55:18.689655 468 storage/replica_command.go:298  [n1,split,s1,r20/1:/{Table/23-Max}] initiating a split of this range at key /Table/50 [r21]
I181123 20:55:18.756217 474 storage/replica_command.go:298  [n1,split,s1,r21/1:/{Table/50-Max}] initiating a split of this range at key /Table/51 [r22]
I181123 20:55:20.487163 72 gossip/gossip.go:1513  [n1] node has connected to cluster via gossip
I181123 20:55:20.487469 72 storage/stores.go:261  [n1] wrote 0 node addresses to persistent storage
I181123 20:55:20.696046 405 server/updates.go:271  [n1] A new version is available: 2.1.1, details: https://www.cockroachlabs.com/docs/releases/v2.1.1.html
I181123 20:55:27.086825 117 storage/replica_proposal.go:211  [n1,s1,r18/1:/Table/2{1-2}] new range lease repl=(n1,s1):1 seq=3 start=1543006518.056972271,0 epo=1 pro=1543006527.084179756,0 following repl=(n1,s1):1 seq=2 start=1543006518.056972271,0 exp=1543006527.057482192,0 pro=1543006518.057506567,0
I181123 20:55:27.091852 113 storage/replica_proposal.go:211  [n1,s1,r6/1:/{System/tse-Table/System…}] new range lease repl=(n1,s1):1 seq=3 start=1543006518.056972271,0 epo=1 pro=1543006527.087324260,0 following repl=(n1,s1):1 seq=2 start=1543006518.056972271,0 exp=1543006527.057482192,0 pro=1543006518.057506567,0
I181123 20:55:27.095456 110 storage/replica_proposal.go:211  [n1,s1,r15/1:/Table/1{8-9}] new range lease repl=(n1,s1):1 seq=3 start=1543006518.056972271,0 epo=1 pro=1543006527.092429723,0 following repl=(n1,s1):1 seq=2 start=1543006518.056972271,0 exp=1543006527.057482192,0 pro=1543006518.057506567,0
I181123 20:55:27.098558 119 storage/replica_proposal.go:211  [n1,s1,r11/1:/Table/1{4-5}] new range lease repl=(n1,s1):1 seq=3 start=1543006518.056972271,0 epo=1 pro=1543006527.096001940,0 following repl=(n1,s1):1 seq=2 start=1543006518.056972271,0 exp=1543006527.057482192,0 pro=1543006518.057506567,0
I181123 20:55:27.101502 122 storage/replica_proposal.go:211  [n1,s1,r10/1:/Table/1{3-4}] new range lease repl=(n1,s1):1 seq=3 start=1543006518.056972271,0 epo=1 pro=1543006527.099051668,0 following repl=(n1,s1):1 seq=2 start=1543006518.056972271,0 exp=1543006527.057482192,0 pro=1543006518.057506567,0
I181123 20:55:27.104532 114 storage/replica_proposal.go:211  [n1,s1,r7/1:/Table/{SystemCon…-11}] new range lease repl=(n1,s1):1 seq=3 start=1543006518.056972271,0 epo=1 pro=1543006527.101973306,0 following repl=(n1,s1):1 seq=2 start=1543006518.056972271,0 exp=1543006527.057482192,0 pro=1543006518.057506567,0
I181123 20:55:27.107414 124 storage/replica_proposal.go:211  [n1,s1,r14/1:/Table/1{7-8}] new range lease repl=(n1,s1):1 seq=3 start=1543006518.056972271,0 epo=1 pro=1543006527.105135271,0 following repl=(n1,s1):1 seq=2 start=1543006518.056972271,0 exp=1543006527.057482192,0 pro=1543006518.057506567,0
I181123 20:55:27.112571 115 storage/replica_proposal.go:211  [n1,s1,r12/1:/Table/1{5-6}] new range lease repl=(n1,s1):1 seq=3 start=1543006518.056972271,0 epo=1 pro=1543006527.108032394,0 following repl=(n1,s1):1 seq=2 start=1543006518.056972271,0 exp=1543006527.057482192,0 pro=1543006518.057506567,0
I181123 20:55:27.116008 116 storage/replica_proposal.go:211  [n1,s1,r17/1:/Table/2{0-1}] new range lease repl=(n1,s1):1 seq=3 start=1543006518.056972271,0 epo=1 pro=1543006527.113109012,0 following repl=(n1,s1):1 seq=2 start=1543006518.056972271,0 exp=1543006527.057482192,0 pro=1543006518.057506567,0
I181123 20:55:27.119102 125 storage/replica_proposal.go:211  [n1,s1,r5/1:/System/ts{d-e}] new range lease repl=(n1,s1):1 seq=3 start=1543006518.056972271,0 epo=1 pro=1543006527.116571158,0 following repl=(n1,s1):1 seq=2 start=1543006518.056972271,0 exp=1543006527.057482192,0 pro=1543006518.057506567,0
I181123 20:55:27.122238 120 storage/replica_proposal.go:211  [n1,s1,r21/1:/Table/5{0-1}] new range lease repl=(n1,s1):1 seq=3 start=1543006518.056972271,0 epo=1 pro=1543006527.119642397,0 following repl=(n1,s1):1 seq=2 start=1543006518.056972271,0 exp=1543006527.057482192,0 pro=1543006518.057506567,0
I181123 20:55:27.125278 121 storage/replica_proposal.go:211  [n1,s1,r22/1:/{Table/51-Max}] new range lease repl=(n1,s1):1 seq=3 start=1543006518.056972271,0 epo=1 pro=1543006527.122792000,0 following repl=(n1,s1):1 seq=2 start=1543006518.056972271,0 exp=1543006527.057482192,0 pro=1543006518.057506567,0
I181123 20:55:27.128379 111 storage/replica_proposal.go:211  [n1,s1,r8/1:/Table/1{1-2}] new range lease repl=(n1,s1):1 seq=3 start=1543006518.056972271,0 epo=1 pro=1543006527.125782642,0 following repl=(n1,s1):1 seq=2 start=1543006518.056972271,0 exp=1543006527.057482192,0 pro=1543006518.057506567,0
I181123 20:55:27.132436 117 storage/replica_proposal.go:211  [n1,s1,r9/1:/Table/1{2-3}] new range lease repl=(n1,s1):1 seq=3 start=1543006518.056972271,0 epo=1 pro=1543006527.128962206,0 following repl=(n1,s1):1 seq=2 start=1543006518.056972271,0 exp=1543006527.057482192,0 pro=1543006518.057506567,0
I181123 20:55:27.135770 123 storage/replica_proposal.go:211  [n1,s1,r4/1:/System/{NodeLive…-tsd}] new range lease repl=(n1,s1):1 seq=3 start=1543006518.056972271,0 epo=1 pro=1543006527.133030722,0 following repl=(n1,s1):1 seq=2 start=1543006518.056972271,0 exp=1543006527.057482192,0 pro=1543006518.057506567,0
I181123 20:55:27.138993 113 storage/replica_proposal.go:211  [n1,s1,r19/1:/Table/2{2-3}] new range lease repl=(n1,s1):1 seq=3 start=1543006518.056972271,0 epo=1 pro=1543006527.136291863,0 following repl=(n1,s1):1 seq=2 start=1543006518.056972271,0 exp=1543006527.057482192,0 pro=1543006518.057506567,0
I181123 20:55:27.142372 118 storage/replica_proposal.go:211  [n1,s1,r13/1:/Table/1{6-7}] new range lease repl=(n1,s1):1 seq=3 start=1543006518.056972271,0 epo=1 pro=1543006527.139522063,0 following repl=(n1,s1):1 seq=2 start=1543006518.056972271,0 exp=1543006527.057482192,0 pro=1543006518.057506567,0
I181123 20:55:27.145448 110 storage/replica_proposal.go:211  [n1,s1,r16/1:/Table/{19-20}] new range lease repl=(n1,s1):1 seq=3 start=1543006518.056972271,0 epo=1 pro=1543006527.142901237,0 following repl=(n1,s1):1 seq=2 start=1543006518.056972271,0 exp=1543006527.057482192,0 pro=1543006518.057506567,0
I181123 20:55:27.148816 119 storage/replica_proposal.go:211  [n1,s1,r20/1:/Table/{23-50}] new range lease repl=(n1,s1):1 seq=3 start=1543006518.056972271,0 epo=1 pro=1543006527.145961302,0 following repl=(n1,s1):1 seq=2 start=1543006518.056972271,0 exp=1543006527.057482192,0 pro=1543006518.057506567,0
I181123 20:55:28.064934 144 server/status/runtime.go:465  [n1] runtime stats: 107 MiB RSS, 121 goroutines, 0 B/0 B/0 B GO alloc/idle/total, 13 MiB/15 MiB CGO alloc/total, 0.0 CGO/sec, 0.0/0.0 %(u/s)time, 0.0 %gc (10x), 138 KiB/8.4 KiB (r/w)net
I181123 20:55:28.065908 139 storage/store.go:4472  [n1,s1] sstables (read amplification = 0):
I181123 20:55:28.066057 139 storage/store.go:4473  [n1,s1] 
** Compaction Stats [default] **
Level    Files   Size     Score Read(GB)  Rn(GB) Rnp1(GB) Write(GB) Wnew(GB) Moved(GB) W-Amp Rd(MB/s) Wr(MB/s) Comp(sec) Comp(cnt) Avg(sec) KeyIn KeyDrop
----------------------------------------------------------------------------------------------------------------------------------------------------------
 Sum      0/0    0.00 KB   0.0      0.0     0.0      0.0       0.0      0.0       0.0   0.0      0.0      0.0         0         0    0.000       0      0
 Int      0/0    0.00 KB   0.0      0.0     0.0      0.0       0.0      0.0       0.0   0.0      0.0      0.0         0         0    0.000       0      0
Uptime(secs): 10.1 total, 10.1 interval
Flush(GB): cumulative 0.000, interval 0.000
AddFile(GB): cumulative 0.000, interval 0.000
AddFile(Total Files): cumulative 0, interval 0
AddFile(L0 Files): cumulative 0, interval 0
AddFile(Keys): cumulative 0, interval 0
Cumulative compaction: 0.00 GB write, 0.00 MB/s write, 0.00 GB read, 0.00 MB/s read, 0.0 seconds
Interval compaction: 0.00 GB write, 0.00 MB/s write, 0.00 GB read, 0.00 MB/s read, 0.0 seconds
Stalls(count): 0 level0_slowdown, 0 level0_slowdown_with_compaction, 0 level0_numfiles, 0 level0_numfiles_with_compaction, 0 stop for pending_compaction_bytes, 0 slowdown for pending_compaction_bytes, 0 memtable_compaction, 0 memtable_slowdown, interval 0 total count
estimated_pending_compaction_bytes: 0 B
I181123 20:55:37.117937 647 storage/replica_consistency.go:127  [n1,consistencyChecker,s1,r5/1:/System/ts{d-e}] triggering stats recomputation to resolve delta of {ContainsEstimates:true LastUpdateNanos:1543006528104430305 IntentAge:0 GCBytesAge:0 LiveBytes:18548 LiveCount:0 KeyBytes:0 KeyCount:0 ValBytes:18548 ValCount:0 IntentBytes:0 IntentCount:0 SysBytes:0 SysCount:0}
I181123 20:55:38.067525 144 server/status/runtime.go:465  [n1] runtime stats: 114 MiB RSS, 121 goroutines, 180 MiB/400 KiB/193 MiB GO alloc/idle/total, 13 MiB/16 MiB CGO alloc/total, 174.5 CGO/sec, 1.2/0.4 %(u/s)time, 0.0 %gc (0x), 538 KiB/28 KiB (r/w)net
I181123 20:55:48.068891 144 server/status/runtime.go:465  [n1] runtime stats: 118 MiB RSS, 121 goroutines, 186 MiB/840 KiB/199 MiB GO alloc/idle/total, 13 MiB/16 MiB CGO alloc/total, 39.6 CGO/sec, 0.6/0.4 %(u/s)time, 0.0 %gc (0x), 480 KiB/28 KiB (r/w)net
I181123 20:55:58.070327 144 server/status/runtime.go:465  [n1] runtime stats: 123 MiB RSS, 121 goroutines, 191 MiB/184 KiB/204 MiB GO alloc/idle/total, 13 MiB/16 MiB CGO alloc/total, 23.9 CGO/sec, 0.7/0.3 %(u/s)time, 0.0 %gc (0x), 447 KiB/21 KiB (r/w)net
I181123 20:56:08.071495 144 server/status/runtime.go:465  [n1] runtime stats: 128 MiB RSS, 121 goroutines, 197 MiB/712 KiB/211 MiB GO alloc/idle/total, 13 MiB/16 MiB CGO alloc/total, 26.1 CGO/sec, 0.7/0.3 %(u/s)time, 0.0 %gc (0x), 368 KiB/32 KiB (r/w)net
I181123 20:56:18.063714 140 gossip/gossip.go:557  [n1] gossip status (ok, 1 node)
gossip client (0/3 cur/max conns)
gossip server (0/3 cur/max conns, infos 0/0 sent/received, bytes 0B/0B sent/received)
gossip connectivity
  n1 [sentinel];
I181123 20:56:18.072641 144 server/status/runtime.go:465  [n1] runtime stats: 133 MiB RSS, 121 goroutines, 202 MiB/240 KiB/216 MiB GO alloc/idle/total, 13 MiB/16 MiB CGO alloc/total, 22.4 CGO/sec, 0.7/0.2 %(u/s)time, 0.0 %gc (0x), 480 KiB/35 KiB (r/w)net
I181123 20:56:28.074134 144 server/status/runtime.go:465  [n1] runtime stats: 140 MiB RSS, 124 goroutines, 139 MiB/61 MiB/222 MiB GO alloc/idle/total, 13 MiB/16 MiB CGO alloc/total, 24.7 CGO/sec, 0.7/0.5 %(u/s)time, 0.0 %gc (1x), 168 KiB/3.8 KiB (r/w)net
I181123 20:56:38.075197 144 server/status/runtime.go:465  [n1] runtime stats: 140 MiB RSS, 124 goroutines, 145 MiB/56 MiB/222 MiB GO alloc/idle/total, 13 MiB/16 MiB CGO alloc/total, 17.8 CGO/sec, 0.7/0.3 %(u/s)time, 0.0 %gc (0x), 175 KiB/17 KiB (r/w)net
I181123 20:56:48.076768 144 server/status/runtime.go:465  [n1] runtime stats: 140 MiB RSS, 121 goroutines, 150 MiB/51 MiB/222 MiB GO alloc/idle/total, 13 MiB/16 MiB CGO alloc/total, 24.6 CGO/sec, 0.7/0.2 %(u/s)time, 0.0 %gc (0x), 144 KiB/4.3 KiB (r/w)net
I181123 20:56:58.078030 144 server/status/runtime.go:465  [n1] runtime stats: 140 MiB RSS, 121 goroutines, 156 MiB/46 MiB/222 MiB GO alloc/idle/total, 13 MiB/16 MiB CGO alloc/total, 25.1 CGO/sec, 0.8/0.2 %(u/s)time, 0.0 %gc (0x), 155 KiB/7.7 KiB (r/w)net
I181123 20:57:08.079813 144 server/status/runtime.go:465  [n1] runtime stats: 142 MiB RSS, 121 goroutines, 161 MiB/41 MiB/222 MiB GO alloc/idle/total, 13 MiB/16 MiB CGO alloc/total, 21.2 CGO/sec, 0.7/0.3 %(u/s)time, 0.0 %gc (0x), 186 KiB/9.2 KiB (r/w)net
I181123 20:57:18.063715 140 gossip/gossip.go:557  [n1] gossip status (ok, 1 node)
gossip client (0/3 cur/max conns)
gossip server (0/3 cur/max conns, infos 0/0 sent/received, bytes 0B/0B sent/received)
I181123 20:57:18.081173 144 server/status/runtime.go:465  [n1] runtime stats: 143 MiB RSS, 121 goroutines, 167 MiB/35 MiB/222 MiB GO alloc/idle/total, 13 MiB/16 MiB CGO alloc/total, 25.0 CGO/sec, 0.9/0.1 %(u/s)time, 0.0 %gc (0x), 170 KiB/2.9 KiB (r/w)net
I181123 20:57:28.082678 144 server/status/runtime.go:465  [n1] runtime stats: 144 MiB RSS, 121 goroutines, 173 MiB/30 MiB/222 MiB GO alloc/idle/total, 13 MiB/16 MiB CGO alloc/total, 38.7 CGO/sec, 0.9/0.2 %(u/s)time, 0.0 %gc (0x), 164 KiB/8.4 KiB (r/w)net
I181123 20:57:38.084269 144 server/status/runtime.go:465  [n1] runtime stats: 144 MiB RSS, 121 goroutines, 178 MiB/25 MiB/222 MiB GO alloc/idle/total, 13 MiB/16 MiB CGO alloc/total, 26.5 CGO/sec, 0.7/0.4 %(u/s)time, 0.0 %gc (0x), 118 KiB/2.0 KiB (r/w)net
I181123 20:57:48.086144 144 server/status/runtime.go:465  [n1] runtime stats: 145 MiB RSS, 121 goroutines, 184 MiB/20 MiB/222 MiB GO alloc/idle/total, 13 MiB/16 MiB CGO alloc/total, 21.2 CGO/sec, 0.8/0.3 %(u/s)time, 0.0 %gc (0x), 154 KiB/7.8 KiB (r/w)net
I181123 20:57:58.087870 144 server/status/runtime.go:465  [n1] runtime stats: 146 MiB RSS, 121 goroutines, 190 MiB/15 MiB/222 MiB GO alloc/idle/total, 13 MiB/16 MiB CGO alloc/total, 23.6 CGO/sec, 0.7/0.2 %(u/s)time, 0.0 %gc (0x), 149 KiB/2.5 KiB (r/w)net
I181123 20:58:08.089659 144 server/status/runtime.go:465  [n1] runtime stats: 147 MiB RSS, 121 goroutines, 195 MiB/9.5 MiB/222 MiB GO alloc/idle/total, 13 MiB/16 MiB CGO alloc/total, 22.3 CGO/sec, 0.5/0.6 %(u/s)time, 0.0 %gc (0x), 130 KiB/13 KiB (r/w)net
I181123 20:58:18.064837 140 gossip/gossip.go:557  [n1] gossip status (ok, 1 node)
gossip client (0/3 cur/max conns)
gossip server (0/3 cur/max conns, infos 0/0 sent/received, bytes 0B/0B sent/received)
I181123 20:58:18.091355 144 server/status/runtime.go:465  [n1] runtime stats: 148 MiB RSS, 121 goroutines, 200 MiB/4.4 MiB/222 MiB GO alloc/idle/total, 13 MiB/16 MiB CGO alloc/total, 26.2 CGO/sec, 0.8/0.3 %(u/s)time, 0.0 %gc (0x), 128 KiB/2.7 KiB (r/w)net
I181123 20:58:28.093330 144 server/status/runtime.go:465  [n1] runtime stats: 151 MiB RSS, 121 goroutines, 139 MiB/63 MiB/224 MiB GO alloc/idle/total, 13 MiB/16 MiB CGO alloc/total, 25.0 CGO/sec, 0.8/0.5 %(u/s)time, 0.0 %gc (1x), 135 KiB/1.5 KiB (r/w)net
I181123 20:58:38.095983 144 server/status/runtime.go:465  [n1] runtime stats: 151 MiB RSS, 121 goroutines, 145 MiB/58 MiB/224 MiB GO alloc/idle/total, 13 MiB/16 MiB CGO alloc/total, 20.1 CGO/sec, 0.9/0.1 %(u/s)time, 0.0 %gc (0x), 120 KiB/2.7 KiB (r/w)net
I181123 20:58:48.104667 144 server/status/runtime.go:465  [n1] runtime stats: 151 MiB RSS, 121 goroutines, 150 MiB/53 MiB/225 MiB GO alloc/idle/total, 13 MiB/16 MiB CGO alloc/total, 24.9 CGO/sec, 0.7/0.3 %(u/s)time, 0.0 %gc (0x), 147 KiB/12 KiB (r/w)net
I181123 20:58:58.112196 144 server/status/runtime.go:465  [n1] runtime stats: 152 MiB RSS, 121 goroutines, 156 MiB/48 MiB/225 MiB GO alloc/idle/total, 13 MiB/16 MiB CGO alloc/total, 22.1 CGO/sec, 0.7/0.3 %(u/s)time, 0.0 %gc (0x), 681 KiB/48 KiB (r/w)net
I181123 20:59:08.113169 144 server/status/runtime.go:465  [n1] runtime stats: 152 MiB RSS, 121 goroutines, 161 MiB/43 MiB/225 MiB GO alloc/idle/total, 13 MiB/16 MiB CGO alloc/total, 25.3 CGO/sec, 0.8/0.1 %(u/s)time, 0.0 %gc (0x), 162 KiB/8.7 KiB (r/w)net
I181123 20:59:18.064407 140 gossip/gossip.go:557  [n1] gossip status (ok, 1 node)
gossip client (0/3 cur/max conns)
gossip server (0/3 cur/max conns, infos 0/0 sent/received, bytes 0B/0B sent/received)
I181123 20:59:18.114321 144 server/status/runtime.go:465  [n1] runtime stats: 153 MiB RSS, 123 goroutines, 167 MiB/38 MiB/225 MiB GO alloc/idle/total, 13 MiB/16 MiB CGO alloc/total, 26.8 CGO/sec, 0.7/0.3 %(u/s)time, 0.0 %gc (0x), 664 KiB/44 KiB (r/w)net
I181123 20:59:28.120056 144 server/status/runtime.go:465  [n1] runtime stats: 153 MiB RSS, 121 goroutines, 172 MiB/33 MiB/225 MiB GO alloc/idle/total, 13 MiB/16 MiB CGO alloc/total, 24.7 CGO/sec, 0.6/0.1 %(u/s)time, 0.0 %gc (0x), 1.1 MiB/76 KiB (r/w)net
I181123 20:59:38.121412 144 server/status/runtime.go:465  [n1] runtime stats: 153 MiB RSS, 121 goroutines, 178 MiB/28 MiB/225 MiB GO alloc/idle/total, 13 MiB/16 MiB CGO alloc/total, 22.6 CGO/sec, 0.8/0.2 %(u/s)time, 0.0 %gc (0x), 1.1 MiB/165 KiB (r/w)net
I181123 20:59:48.122895 144 server/status/runtime.go:465  [n1] runtime stats: 153 MiB RSS, 121 goroutines, 183 MiB/23 MiB/225 MiB GO alloc/idle/total, 13 MiB/16 MiB CGO alloc/total, 21.6 CGO/sec, 0.7/0.2 %(u/s)time, 0.0 %gc (0x), 279 KiB/103 KiB (r/w)net
I181123 20:59:58.124205 144 server/status/runtime.go:465  [n1] runtime stats: 153 MiB RSS, 121 goroutines, 189 MiB/17 MiB/225 MiB GO alloc/idle/total, 13 MiB/16 MiB CGO alloc/total, 25.8 CGO/sec, 0.8/0.3 %(u/s)time, 0.0 %gc (0x), 97 KiB/10 KiB (r/w)net
I181123 21:00:08.125861 144 server/status/runtime.go:465  [n1] runtime stats: 153 MiB RSS, 121 goroutines, 194 MiB/12 MiB/225 MiB GO alloc/idle/total, 13 MiB/16 MiB CGO alloc/total, 17.6 CGO/sec, 0.7/0.2 %(u/s)time, 0.0 %gc (0x), 110 KiB/6.8 KiB (r/w)net
I181123 21:00:18.063646 140 gossip/gossip.go:557  [n1] gossip status (ok, 1 node)
gossip client (0/3 cur/max conns)
gossip server (0/3 cur/max conns, infos 0/0 sent/received, bytes 0B/0B sent/received)
I181123 21:00:18.127179 144 server/status/runtime.go:465  [n1] runtime stats: 154 MiB RSS, 121 goroutines, 200 MiB/7.0 MiB/225 MiB GO alloc/idle/total, 13 MiB/16 MiB CGO alloc/total, 25.9 CGO/sec, 0.8/0.2 %(u/s)time, 0.0 %gc (0x), 124 KiB/3.3 KiB (r/w)net
